<?xml version="1.0" encoding="UTF-8"?>
<!-- Generated by org.testng.reporters.JUnitReportReporter -->
<testsuite skipped="0" hostname="LAPTOP-0MU7EG7P" name="com.orangeHRM.qa.testcases.LeaveListPageTest" tests="4" failures="0" timestamp="2022-02-17T14:35:54 CST" time="14.041" errors="0">
  <testcase name="leaveListTesting" time="0.008" classname="com.orangeHRM.qa.testcases.LeaveListPageTest"/>
  <testcase name="setcontext" time="0.001" classname="com.orangeHRM.qa.testcases.LeaveListPageTest"/>
  <testcase name="verifyleavelist" time="13.676" classname="com.orangeHRM.qa.testcases.LeaveListPageTest"/>
  <testcase name="duplicatesindropdown" time="0.356" classname="com.orangeHRM.qa.testcases.LeaveListPageTest"/>
</testsuite> <!-- com.orangeHRM.qa.testcases.LeaveListPageTest -->
