<?xml version="1.0" encoding="UTF-8"?>
<!-- Generated by org.testng.reporters.JUnitReportReporter -->
<testsuite skipped="0" hostname="LAPTOP-0MU7EG7P" name="com.orangeHRM.qa.testcases.MaintenancePageTest" tests="3" failures="0" timestamp="2022-02-17T14:35:54 CST" time="1.056" errors="0">
  <testcase name="validatingMaintenanceSubMenuDisplay" time="0.488" classname="com.orangeHRM.qa.testcases.MaintenancePageTest"/>
  <testcase name="maintenanceTesting" time="0.000" classname="com.orangeHRM.qa.testcases.MaintenancePageTest"/>
  <testcase name="verifyColorsOfSubmenuInMaintenance" time="0.568" classname="com.orangeHRM.qa.testcases.MaintenancePageTest"/>
</testsuite> <!-- com.orangeHRM.qa.testcases.MaintenancePageTest -->
