<?xml version="1.0" encoding="UTF-8"?>
<!-- Generated by org.testng.reporters.JUnitReportReporter -->
<testsuite skipped="0" hostname="PruthviRaj" name="com.orangeHRM.qa.base.BaseClass" tests="1" failures="0" timestamp="2021-07-20T18:40:28 MST" time="3.319" errors="0">
  <testcase name="login" time="3.319" classname="com.orangeHRM.qa.base.BaseClass"/>
  <system-out/>
</testsuite> <!-- com.orangeHRM.qa.base.BaseClass -->
