<?xml version="1.0" encoding="UTF-8"?>
<!-- Generated by org.testng.reporters.JUnitReportReporter -->
<testsuite skipped="1" hostname="PruthviRaj" name="com.orangeHRM.qa.testcases.AddEntitlementTestPage" tests="6" failures="0" timestamp="2021-08-19T19:18:48 MST" time="0.840" errors="0">
  <testcase name="validatingLeaveSubMenuDisplay" time="0.525" classname="com.orangeHRM.qa.testcases.AddEntitlementTestPage"/>
  <system-out/>
  <testcase name="addEntitlement" time="0.005" classname="com.orangeHRM.qa.testcases.AddEntitlementTestPage"/>
  <system-out/>
  <testcase name="validatingConfigureLeaveSubMenuDisplay" time="0.308" classname="com.orangeHRM.qa.testcases.AddEntitlementTestPage"/>
  <system-out/>
  <testcase name="setcontext" time="0.001" classname="com.orangeHRM.qa.testcases.AddEntitlementTestPage"/>
  <system-out/>
  <testcase name="entitlementsTesting" time="0.001" classname="com.orangeHRM.qa.testcases.AddEntitlementTestPage"/>
  <system-out/>
  <testcase name="verifyAddEntitlementsTestPage" time="0.000" classname="com.orangeHRM.qa.testcases.AddEntitlementTestPage">
    <skipped/>
  </testcase> <!-- verifyAddEntitlementsTestPage -->
  <system-out/>
</testsuite> <!-- com.orangeHRM.qa.testcases.AddEntitlementTestPage -->
