<?xml version="1.0" encoding="UTF-8"?>
<!-- Generated by org.testng.reporters.JUnitReportReporter -->
<testsuite skipped="1" hostname="PruthviRaj" name="com.orangeHRM.qa.testcases.EmployeeEntitlementTestPage" tests="5" failures="0" timestamp="2021-08-19T19:32:35 MST" time="0.941" errors="0">
  <testcase name="validatingLeaveSubMenuDisplay" time="0.526" classname="com.orangeHRM.qa.testcases.EmployeeEntitlementTestPage"/>
  <system-out/>
  <testcase name="validatingConfigureLeaveSubMenuDisplay" time="0.410" classname="com.orangeHRM.qa.testcases.EmployeeEntitlementTestPage"/>
  <system-out/>
  <testcase name="entitlementsTesting" time="0.003" classname="com.orangeHRM.qa.testcases.EmployeeEntitlementTestPage"/>
  <system-out/>
  <testcase name="setcontext" time="0.002" classname="com.orangeHRM.qa.testcases.EmployeeEntitlementTestPage"/>
  <system-out/>
  <testcase name="verifyEmployeeEntitlementsTestPage" time="0.000" classname="com.orangeHRM.qa.testcases.EmployeeEntitlementTestPage">
    <skipped/>
  </testcase> <!-- verifyEmployeeEntitlementsTestPage -->
  <system-out/>
</testsuite> <!-- com.orangeHRM.qa.testcases.EmployeeEntitlementTestPage -->
