<?xml version="1.0" encoding="UTF-8"?>
<!-- Generated by org.testng.reporters.JUnitReportReporter -->
<testsuite skipped="0" hostname="PruthviRaj" name="com.orangeHRM.qa.testcases.MyInfoPageTest" tests="1" failures="0" timestamp="2021-08-16T10:42:07 MST" time="0.001" errors="0">
  <testcase name="myInfoTesting" time="0.001" classname="com.orangeHRM.qa.testcases.MyInfoPageTest"/>
  <system-out/>
</testsuite> <!-- com.orangeHRM.qa.testcases.MyInfoPageTest -->
