<?xml version="1.0" encoding="UTF-8"?>
<!-- Generated by org.testng.reporters.JUnitReportReporter -->
<testsuite skipped="0" hostname="LAPTOP-0MU7EG7P" name="com.orangeHRM.qa.testcases.AdminPageTest" tests="2" failures="0" timestamp="2022-02-17T14:35:54 CST" time="2.568" errors="0">
  <testcase name="validatingAdminSubMenuDisplay" time="1.120" classname="com.orangeHRM.qa.testcases.AdminPageTest"/>
  <testcase name="verifyColorsOfSubmenuInAdmin" time="1.448" classname="com.orangeHRM.qa.testcases.AdminPageTest"/>
</testsuite> <!-- com.orangeHRM.qa.testcases.AdminPageTest -->
