<?xml version="1.0" encoding="UTF-8"?>
<!-- Generated by org.testng.reporters.JUnitReportReporter -->
<testsuite skipped="1" hostname="LAPTOP-0MU7EG7P" name="com.orangeHRM.qa.testcases.LoginTestPage" tests="4" failures="0" timestamp="2022-02-17T14:35:54 CST" time="16.937" errors="0">
  <testcase name="setcontext" time="0.001" classname="com.orangeHRM.qa.testcases.LoginTestPage"/>
  <testcase name="login_invalid_credentials" time="0.000" classname="com.orangeHRM.qa.testcases.LoginTestPage">
    <skipped/>
  </testcase> <!-- login_invalid_credentials -->
  <testcase name="login_valid_credentials" time="9.378" classname="com.orangeHRM.qa.testcases.LoginTestPage"/>
  <testcase name="login_valid_credentials_Othercase" time="7.558" classname="com.orangeHRM.qa.testcases.LoginTestPage"/>
</testsuite> <!-- com.orangeHRM.qa.testcases.LoginTestPage -->
