<?xml version="1.0" encoding="UTF-8"?>
<!-- Generated by org.testng.reporters.JUnitReportReporter -->
<testsuite skipped="0" hostname="LAPTOP-0MU7EG7P" name="com.orangeHRM.qa.testcases.ManageReviewsPageTest" tests="2" failures="0" timestamp="2022-02-17T14:35:54 CST" time="0.438" errors="0">
  <testcase name="validatingManageReviewsSubMenuDisplay" time="0.438" classname="com.orangeHRM.qa.testcases.ManageReviewsPageTest"/>
  <testcase name="manageReviewsTesting" time="0.000" classname="com.orangeHRM.qa.testcases.ManageReviewsPageTest"/>
</testsuite> <!-- com.orangeHRM.qa.testcases.ManageReviewsPageTest -->
