<?xml version="1.0" encoding="UTF-8"?>
<!-- Generated by org.testng.reporters.JUnitReportReporter -->
<testsuite skipped="0" hostname="LAPTOP-0MU7EG7P" name="com.orangeHRM.qa.testcases.NationalitiesPageTest" tests="1" failures="0" timestamp="2022-02-17T14:35:53 CST" time="0.000" errors="0">
  <testcase name="nationalitiesTesting" time="0.000" classname="com.orangeHRM.qa.testcases.NationalitiesPageTest"/>
</testsuite> <!-- com.orangeHRM.qa.testcases.NationalitiesPageTest -->
