<?xml version="1.0" encoding="UTF-8"?>
<!-- Generated by org.testng.reporters.JUnitReportReporter -->
<testsuite skipped="0" hostname="LAPTOP-0MU7EG7P" name="com.orangeHRM.qa.testcases.BaseVerificationTest" tests="6" failures="0" timestamp="2022-02-17T14:35:54 CST" time="26.985" errors="0">
  <testcase name="verifyCommonElements" time="0.480" classname="com.orangeHRM.qa.testcases.BaseVerificationTest"/>
  <testcase name="verifyCommonElementsAfterLogin" time="2.850" classname="com.orangeHRM.qa.testcases.BaseVerificationTest"/>
  <testcase name="verifyingTitleBarElementsDisplay" time="0.866" classname="com.orangeHRM.qa.testcases.BaseVerificationTest"/>
  <testcase name="verifyingNavigation" time="14.512" classname="com.orangeHRM.qa.testcases.BaseVerificationTest"/>
  <testcase name="helpIdClick" time="3.793" classname="com.orangeHRM.qa.testcases.BaseVerificationTest"/>
  <testcase name="afterLoginLogoClick" time="4.484" classname="com.orangeHRM.qa.testcases.BaseVerificationTest"/>
</testsuite> <!-- com.orangeHRM.qa.testcases.BaseVerificationTest -->
