<?xml version="1.0" encoding="UTF-8"?>
<!-- Generated by org.testng.reporters.JUnitReportReporter -->
<testsuite skipped="0" hostname="LAPTOP-0MU7EG7P" name="com.orangeHRM.qa.testcases.ReportsTimePageTest" tests="2" failures="0" timestamp="2022-02-17T14:35:54 CST" time="0.394" errors="0">
  <testcase name="validatingTimeSubMenuDisplay" time="0.394" classname="com.orangeHRM.qa.testcases.ReportsTimePageTest"/>
  <testcase name="reportsTimeTesting" time="0.000" classname="com.orangeHRM.qa.testcases.ReportsTimePageTest"/>
</testsuite> <!-- com.orangeHRM.qa.testcases.ReportsTimePageTest -->
