<?xml version="1.0" encoding="UTF-8"?>
<!-- Generated by org.testng.reporters.JUnitReportReporter -->
<testsuite skipped="0" hostname="PruthviRaj" name="com.orangeHRM.qa.base.BaseVerification" tests="2" failures="0" timestamp="2021-07-20T18:43:29 MST" time="10.223" errors="0">
  <testcase name="setUp" time="10.212" classname="com.orangeHRM.qa.base.BaseVerification"/>
  <system-out/>
  <testcase name="verifyOrangeHRMTitle" time="0.011" classname="com.orangeHRM.qa.base.BaseVerification"/>
  <system-out/>
</testsuite> <!-- com.orangeHRM.qa.base.BaseVerification -->
