<?xml version="1.0" encoding="UTF-8"?>
<!-- Generated by org.testng.reporters.JUnitReportReporter -->
<testsuite skipped="0" hostname="LAPTOP-0MU7EG7P" name="com.orangeHRM.qa.testcases.PerformancePageTest" tests="3" failures="0" timestamp="2022-02-17T14:35:54 CST" time="1.067" errors="0">
  <testcase name="validatingPerformanceSubMenuDisplay" time="0.769" classname="com.orangeHRM.qa.testcases.PerformancePageTest"/>
  <testcase name="performanceTesting" time="0.001" classname="com.orangeHRM.qa.testcases.PerformancePageTest"/>
  <testcase name="verifyColorsOfSubmenuInPerformance" time="0.297" classname="com.orangeHRM.qa.testcases.PerformancePageTest"/>
</testsuite> <!-- com.orangeHRM.qa.testcases.PerformancePageTest -->
