<?xml version="1.0" encoding="UTF-8"?>
<!-- Generated by org.testng.reporters.JUnitReportReporter -->
<testsuite skipped="0" hostname="LAPTOP-0MU7EG7P" name="com.orangeHRM.qa.testcases.LeavePageTest" tests="2" failures="0" timestamp="2022-02-17T14:35:53 CST" time="2.504" errors="0">
  <testcase name="validatingLeaveSubMenuDisplay" time="1.054" classname="com.orangeHRM.qa.testcases.LeavePageTest"/>
  <testcase name="verifyColurOfSubMenu" time="1.450" classname="com.orangeHRM.qa.testcases.LeavePageTest"/>
</testsuite> <!-- com.orangeHRM.qa.testcases.LeavePageTest -->
