<?xml version="1.0" encoding="UTF-8"?>
<!-- Generated by org.testng.reporters.JUnitReportReporter -->
<testsuite skipped="0" hostname="LAPTOP-0MU7EG7P" name="com.orangeHRM.qa.testcases.ProjectsPageTest" tests="18" failures="0" timestamp="2022-02-17T14:35:54 CST" time="64.876" errors="0">
  <testcase name="projectsTesting" time="0.000" classname="com.orangeHRM.qa.testcases.ProjectsPageTest"/>
  <testcase name="colorValidationForAddandDeleteButtonsInProjectsProjInfo" time="0.094" classname="com.orangeHRM.qa.testcases.ProjectsPageTest"/>
  <testcase name="mandatoryFieldValidationProjectsProjInfo" time="1.810" classname="com.orangeHRM.qa.testcases.ProjectsPageTest"/>
  <testcase name="setcontextProjectsProjInfo" time="0.001" classname="com.orangeHRM.qa.testcases.ProjectsPageTest"/>
  <testcase name="verifyAddProjectsProjInfo" time="11.414" classname="com.orangeHRM.qa.testcases.ProjectsPageTest"/>
  <testcase name="tableValidatingProjectsProjInfo" time="2.184" classname="com.orangeHRM.qa.testcases.ProjectsPageTest"/>
  <testcase name="setcontextEditProjectsProjInfo" time="0.000" classname="com.orangeHRM.qa.testcases.ProjectsPageTest"/>
  <testcase name="editProjectsProjInfo" time="7.855" classname="com.orangeHRM.qa.testcases.ProjectsPageTest"/>
  <testcase name="setcontextActivitiesProjectsProjInfo" time="0.000" classname="com.orangeHRM.qa.testcases.ProjectsPageTest"/>
  <testcase name="activitiesInProjects_ProjInfo" time="4.742" classname="com.orangeHRM.qa.testcases.ProjectsPageTest"/>
  <testcase name="copyFromActivityProjInfo" time="8.329" classname="com.orangeHRM.qa.testcases.ProjectsPageTest"/>
  <testcase name="verifyActyNameandEditProjActy" time="5.844" classname="com.orangeHRM.qa.testcases.ProjectsPageTest"/>
  <testcase name="setcontextEditActivitiesProjectsProjInfo" time="0.001" classname="com.orangeHRM.qa.testcases.ProjectsPageTest"/>
  <testcase name="editProjectActivityInProjects_ProjInfo" time="2.168" classname="com.orangeHRM.qa.testcases.ProjectsPageTest"/>
  <testcase name="deletingSingleActivityInProjInfo" time="6.208" classname="com.orangeHRM.qa.testcases.ProjectsPageTest"/>
  <testcase name="deletingallActivities_ProjectsProjInfo" time="3.747" classname="com.orangeHRM.qa.testcases.ProjectsPageTest"/>
  <testcase name="deletingSingleProjectInProjInfo" time="7.071" classname="com.orangeHRM.qa.testcases.ProjectsPageTest"/>
  <testcase name="deletingall_ProjectsProjInfo" time="3.408" classname="com.orangeHRM.qa.testcases.ProjectsPageTest"/>
</testsuite> <!-- com.orangeHRM.qa.testcases.ProjectsPageTest -->
