<?xml version="1.0" encoding="UTF-8"?>
<!-- Generated by org.testng.reporters.JUnitReportReporter -->
<testsuite skipped="0" hostname="LAPTOP-0MU7EG7P" name="com.orangeHRM.qa.testcases.CustomersPageTest" tests="13" failures="0" timestamp="2022-02-17T14:35:54 CST" time="29.804" errors="0">
  <testcase name="customersTesting" time="0.000" classname="com.orangeHRM.qa.testcases.CustomersPageTest"/>
  <testcase name="colorValidationForAddandDeleteButtonsInCustProjInfo" time="0.097" classname="com.orangeHRM.qa.testcases.CustomersPageTest"/>
  <testcase name="mandatoryFieldValidationCustProjInfo" time="1.121" classname="com.orangeHRM.qa.testcases.CustomersPageTest"/>
  <testcase name="setcontextCustProjInfo" time="0.000" classname="com.orangeHRM.qa.testcases.CustomersPageTest"/>
  <testcase name="verifyAddCustomerProjInfo" time="4.600" classname="com.orangeHRM.qa.testcases.CustomersPageTest"/>
  <testcase name="tableValidatingCustProjInfo" time="2.243" classname="com.orangeHRM.qa.testcases.CustomersPageTest"/>
  <testcase name="verifyAddCustomerProjInfo" time="4.599" classname="com.orangeHRM.qa.testcases.CustomersPageTest"/>
  <testcase name="setcontextEditCustomerProjInfo" time="0.002" classname="com.orangeHRM.qa.testcases.CustomersPageTest"/>
  <testcase name="editCustProjInfo" time="5.708" classname="com.orangeHRM.qa.testcases.CustomersPageTest"/>
  <testcase name="deletingSingleanddouble_Customer" time="6.171" classname="com.orangeHRM.qa.testcases.CustomersPageTest"/>
  <testcase name="deletingall_CustProjInfo" time="3.412" classname="com.orangeHRM.qa.testcases.CustomersPageTest"/>
  <testcase name="ascendingOrderSorting_CustprojInfo" time="0.945" classname="com.orangeHRM.qa.testcases.CustomersPageTest"/>
  <testcase name="descendingOrderSorting_CustprojInfo" time="0.906" classname="com.orangeHRM.qa.testcases.CustomersPageTest"/>
</testsuite> <!-- com.orangeHRM.qa.testcases.CustomersPageTest -->
