<?xml version="1.0" encoding="UTF-8"?>
<!-- Generated by org.testng.reporters.JUnitReportReporter -->
<testsuite skipped="0" hostname="LAPTOP-0MU7EG7P" name="com.orangeHRM.qa.testcases.DepenedentsPageTest" tests="23" failures="0" timestamp="2022-02-17T14:35:54 CST" time="46.495" errors="0">
  <testcase name="validateDependentsButton_bgcolor" time="0.200" classname="com.orangeHRM.qa.testcases.DepenedentsPageTest"/>
  <testcase name="validatingMandatoryFieldsbeforeEnteringValues" time="0.519" classname="com.orangeHRM.qa.testcases.DepenedentsPageTest"/>
  <testcase name="setcontext1" time="0.000" classname="com.orangeHRM.qa.testcases.DepenedentsPageTest"/>
  <testcase name="dependentsTesting" time="1.572" classname="com.orangeHRM.qa.testcases.DepenedentsPageTest"/>
  <testcase name="validatingRelationShipDropdownOptionsSort" time="0.132" classname="com.orangeHRM.qa.testcases.DepenedentsPageTest"/>
  <testcase name="validatingRelationShipDropdownOptionsDuplicates" time="0.125" classname="com.orangeHRM.qa.testcases.DepenedentsPageTest"/>
  <testcase name="verifyDateOfBirthFormat" time="0.080" classname="com.orangeHRM.qa.testcases.DepenedentsPageTest"/>
  <testcase name="validatingMandatoryFieldsAfterEnteringValues" time="0.154" classname="com.orangeHRM.qa.testcases.DepenedentsPageTest"/>
  <testcase name="saveDependent" time="1.324" classname="com.orangeHRM.qa.testcases.DepenedentsPageTest"/>
  <testcase name="cancelDependent" time="0.305" classname="com.orangeHRM.qa.testcases.DepenedentsPageTest"/>
  <testcase name="dependentTableHeaderValidation" time="0.406" classname="com.orangeHRM.qa.testcases.DepenedentsPageTest"/>
  <testcase name="setcontext2" time="0.000" classname="com.orangeHRM.qa.testcases.DepenedentsPageTest"/>
  <testcase name="editDependents" time="2.120" classname="com.orangeHRM.qa.testcases.DepenedentsPageTest"/>
  <testcase name="deletingSingle_Dependent" time="1.056" classname="com.orangeHRM.qa.testcases.DepenedentsPageTest"/>
  <testcase name="deletingall_Dependents" time="0.054" classname="com.orangeHRM.qa.testcases.DepenedentsPageTest"/>
  <testcase name="setcontext" time="0.000" classname="com.orangeHRM.qa.testcases.DepenedentsPageTest"/>
  <testcase name="dependentsAttachmentTesting" time="13.573" classname="com.orangeHRM.qa.testcases.DepenedentsPageTest"/>
  <testcase name="tableHeaderValidation" time="0.902" classname="com.orangeHRM.qa.testcases.DepenedentsPageTest"/>
  <testcase name="toolTipValidation" time="0.229" classname="com.orangeHRM.qa.testcases.DepenedentsPageTest"/>
  <testcase name="clickingOnEditLink" time="18.341" classname="com.orangeHRM.qa.testcases.DepenedentsPageTest"/>
  <testcase name="example_VerifyDownloadWithFileName" time="4.194" classname="com.orangeHRM.qa.testcases.DepenedentsPageTest"/>
  <testcase name="deletingSingle_Attatchment" time="1.208" classname="com.orangeHRM.qa.testcases.DepenedentsPageTest"/>
  <testcase name="deletingall_Attatchments" time="0.001" classname="com.orangeHRM.qa.testcases.DepenedentsPageTest"/>
</testsuite> <!-- com.orangeHRM.qa.testcases.DepenedentsPageTest -->
