<?xml version="1.0" encoding="UTF-8"?>
<!-- Generated by org.testng.reporters.JUnitReportReporter -->
<testsuite skipped="0" hostname="LAPTOP-0MU7EG7P" name="com.orangeHRM.qa.testcases.EmergencyContactsPageTest" tests="23" failures="0" timestamp="2022-02-17T14:35:54 CST" time="97.185" errors="0">
  <testcase name="validateEmergencyContactsButton_bgcolor" time="0.205" classname="com.orangeHRM.qa.testcases.EmergencyContactsPageTest"/>
  <testcase name="setcontext1" time="0.002" classname="com.orangeHRM.qa.testcases.EmergencyContactsPageTest"/>
  <testcase name="addEmergencyDetailsTesting" time="20.297" classname="com.orangeHRM.qa.testcases.EmergencyContactsPageTest"/>
  <testcase name="addEmergencyDetailsTesting" time="20.657" classname="com.orangeHRM.qa.testcases.EmergencyContactsPageTest"/>
  <testcase name="validatingMandatoryFieldsValues" time="0.872" classname="com.orangeHRM.qa.testcases.EmergencyContactsPageTest"/>
  <testcase name="setcontext2" time="0.000" classname="com.orangeHRM.qa.testcases.EmergencyContactsPageTest"/>
  <testcase name="tableEditLinkTesting" time="2.521" classname="com.orangeHRM.qa.testcases.EmergencyContactsPageTest"/>
  <testcase name="saveBtnValidation" time="3.231" classname="com.orangeHRM.qa.testcases.EmergencyContactsPageTest"/>
  <testcase name="validateCancelBtn" time="1.122" classname="com.orangeHRM.qa.testcases.EmergencyContactsPageTest"/>
  <testcase name="setcontext3" time="0.000" classname="com.orangeHRM.qa.testcases.EmergencyContactsPageTest"/>
  <testcase name="validateEnterImproperData" time="1.421" classname="com.orangeHRM.qa.testcases.EmergencyContactsPageTest"/>
  <testcase name="validationOfEmergencyContactTable" time="0.540" classname="com.orangeHRM.qa.testcases.EmergencyContactsPageTest"/>
  <testcase name="colorOfButtons" time="0.077" classname="com.orangeHRM.qa.testcases.EmergencyContactsPageTest"/>
  <testcase name="setcontext" time="0.001" classname="com.orangeHRM.qa.testcases.EmergencyContactsPageTest"/>
  <testcase name="emergencyContactsAttatchmentsTesting" time="13.632" classname="com.orangeHRM.qa.testcases.EmergencyContactsPageTest"/>
  <testcase name="toolTipValidation" time="0.258" classname="com.orangeHRM.qa.testcases.EmergencyContactsPageTest"/>
  <testcase name="tableHeaderValidation" time="0.858" classname="com.orangeHRM.qa.testcases.EmergencyContactsPageTest"/>
  <testcase name="deletingSingle_Contact" time="1.015" classname="com.orangeHRM.qa.testcases.EmergencyContactsPageTest"/>
  <testcase name="deletingall_Contacts" time="0.968" classname="com.orangeHRM.qa.testcases.EmergencyContactsPageTest"/>
  <testcase name="clickingOnEditLink" time="12.134" classname="com.orangeHRM.qa.testcases.EmergencyContactsPageTest"/>
  <testcase name="example_VerifyDownloadWithFileName" time="4.170" classname="com.orangeHRM.qa.testcases.EmergencyContactsPageTest"/>
  <testcase name="deletingSingle_Attatchment" time="13.203" classname="com.orangeHRM.qa.testcases.EmergencyContactsPageTest"/>
  <testcase name="deletingall_Attatchments" time="0.001" classname="com.orangeHRM.qa.testcases.EmergencyContactsPageTest"/>
</testsuite> <!-- com.orangeHRM.qa.testcases.EmergencyContactsPageTest -->
