<?xml version="1.0" encoding="UTF-8"?>
<!-- Generated by org.testng.reporters.JUnitReportReporter -->
<testsuite skipped="0" hostname="LAPTOP-0MU7EG7P" name="com.orangeHRM.qa.testcases.ImmigrationPageTest" tests="20" failures="0" timestamp="2022-02-17T14:35:54 CST" time="80.472" errors="0">
  <testcase name="validateImmigationsButton_bgcolor" time="0.204" classname="com.orangeHRM.qa.testcases.ImmigrationPageTest"/>
  <testcase name="colorValidationForAddandDeleteButtons" time="0.105" classname="com.orangeHRM.qa.testcases.ImmigrationPageTest"/>
  <testcase name="setcontext" time="0.001" classname="com.orangeHRM.qa.testcases.ImmigrationPageTest"/>
  <testcase name="verifyimmigrationTestPage" time="13.609" classname="com.orangeHRM.qa.testcases.ImmigrationPageTest"/>
  <testcase name="tableValidating" time="0.512" classname="com.orangeHRM.qa.testcases.ImmigrationPageTest"/>
  <testcase name="verifyissueDateFormat" time="2.184" classname="com.orangeHRM.qa.testcases.ImmigrationPageTest"/>
  <testcase name="dropdownSortedOrNot" time="4.235" classname="com.orangeHRM.qa.testcases.ImmigrationPageTest"/>
  <testcase name="setcontext3" time="0.001" classname="com.orangeHRM.qa.testcases.ImmigrationPageTest"/>
  <testcase name="editImmigrationTesting" time="7.849" classname="com.orangeHRM.qa.testcases.ImmigrationPageTest"/>
  <testcase name="deletingSingle_ImmigrationRec" time="1.312" classname="com.orangeHRM.qa.testcases.ImmigrationPageTest"/>
  <testcase name="deletingall_ImmigrationRec" time="0.047" classname="com.orangeHRM.qa.testcases.ImmigrationPageTest"/>
  <testcase name="setcontext1" time="0.001" classname="com.orangeHRM.qa.testcases.ImmigrationPageTest"/>
  <testcase name="immigrationAttatchmentTesting" time="13.701" classname="com.orangeHRM.qa.testcases.ImmigrationPageTest"/>
  <testcase name="colorOfButtons" time="0.100" classname="com.orangeHRM.qa.testcases.ImmigrationPageTest"/>
  <testcase name="tableHeaderValidation" time="0.880" classname="com.orangeHRM.qa.testcases.ImmigrationPageTest"/>
  <testcase name="toolTipValidation" time="0.254" classname="com.orangeHRM.qa.testcases.ImmigrationPageTest"/>
  <testcase name="clickingOnEditLink" time="18.068" classname="com.orangeHRM.qa.testcases.ImmigrationPageTest"/>
  <testcase name="example_VerifyDownloadWithFileName" time="4.174" classname="com.orangeHRM.qa.testcases.ImmigrationPageTest"/>
  <testcase name="deletingSingle_Attatchment" time="13.235" classname="com.orangeHRM.qa.testcases.ImmigrationPageTest"/>
  <testcase name="deletingall_Attatchments" time="0.000" classname="com.orangeHRM.qa.testcases.ImmigrationPageTest"/>
</testsuite> <!-- com.orangeHRM.qa.testcases.ImmigrationPageTest -->
