<?xml version="1.0" encoding="UTF-8"?>
<!-- Generated by org.testng.reporters.JUnitReportReporter -->
<testsuite skipped="0" hostname="LAPTOP-0MU7EG7P" name="com.orangeHRM.qa.testcases.ConfigureLeavePageTest" tests="2" failures="0" timestamp="2022-02-17T14:35:53 CST" time="0.484" errors="0">
  <testcase name="validatingConfigureLeaveSubMenuDisplay" time="0.483" classname="com.orangeHRM.qa.testcases.ConfigureLeavePageTest"/>
  <testcase name="configureLeaveTesting" time="0.001" classname="com.orangeHRM.qa.testcases.ConfigureLeavePageTest"/>
</testsuite> <!-- com.orangeHRM.qa.testcases.ConfigureLeavePageTest -->
