<?xml version="1.0" encoding="UTF-8"?>
<!-- Generated by org.testng.reporters.JUnitReportReporter -->
<testsuite skipped="0" hostname="LAPTOP-0MU7EG7P" name="com.orangeHRM.qa.testcases.AssignLeavePageTest" tests="16" failures="0" timestamp="2022-02-17T14:35:54 CST" time="53.324" errors="0">
  <testcase name="validatingMandatoryFieldsbeforeEnteringValues" time="0.416" classname="com.orangeHRM.qa.testcases.AssignLeavePageTest"/>
  <testcase name="setcontext" time="0.000" classname="com.orangeHRM.qa.testcases.AssignLeavePageTest"/>
  <testcase name="assignLeaveTesting" time="40.423" classname="com.orangeHRM.qa.testcases.AssignLeavePageTest"/>
  <testcase name="validatingLeaveBalanceDropdownOptionsSort" time="0.299" classname="com.orangeHRM.qa.testcases.AssignLeavePageTest"/>
  <testcase name="validatingLeaveBalanceDropdownOptionsDuplicates" time="0.166" classname="com.orangeHRM.qa.testcases.AssignLeavePageTest"/>
  <testcase name="verifyEmpNameContainsCharacters" time="0.064" classname="com.orangeHRM.qa.testcases.AssignLeavePageTest"/>
  <testcase name="verifyToDateShouldBeAfterFromDate" time="0.126" classname="com.orangeHRM.qa.testcases.AssignLeavePageTest"/>
  <testcase name="verifyCommentsCharacters" time="0.061" classname="com.orangeHRM.qa.testcases.AssignLeavePageTest"/>
  <testcase name="verifyFromDateFormat" time="0.044" classname="com.orangeHRM.qa.testcases.AssignLeavePageTest"/>
  <testcase name="verifyToDateFormat" time="0.061" classname="com.orangeHRM.qa.testcases.AssignLeavePageTest"/>
  <testcase name="validatingMandatoryFields" time="0.334" classname="com.orangeHRM.qa.testcases.AssignLeavePageTest"/>
  <testcase name="verifyPartialDaysAsNone" time="0.202" classname="com.orangeHRM.qa.testcases.AssignLeavePageTest"/>
  <testcase name="verifyPartialDaysAsAllDays" time="2.109" classname="com.orangeHRM.qa.testcases.AssignLeavePageTest"/>
  <testcase name="verifyPartialDaysAsStartDayOnly" time="1.767" classname="com.orangeHRM.qa.testcases.AssignLeavePageTest"/>
  <testcase name="verifyPartialDaysAsEndDayOnly" time="3.078" classname="com.orangeHRM.qa.testcases.AssignLeavePageTest"/>
  <testcase name="verifyPartialDaysAsStartandEndDay" time="4.174" classname="com.orangeHRM.qa.testcases.AssignLeavePageTest"/>
</testsuite> <!-- com.orangeHRM.qa.testcases.AssignLeavePageTest -->
