<?xml version="1.0" encoding="UTF-8"?>
<!-- Generated by org.testng.reporters.JUnitReportReporter -->
<testsuite skipped="0" hostname="LAPTOP-0MU7EG7P" name="com.orangeHRM.qa.testcases.VacanciesPageTest" tests="22" failures="0" timestamp="2022-02-17T14:35:53 CST" time="138.808" errors="0">
  <testcase name="vacanciesTesting" time="0.000" classname="com.orangeHRM.qa.testcases.VacanciesPageTest"/>
  <testcase name="vacancy_HeaderValidate" time="0.086" classname="com.orangeHRM.qa.testcases.VacanciesPageTest"/>
  <testcase name="vacancy_History_HdrValidate" time="0.078" classname="com.orangeHRM.qa.testcases.VacanciesPageTest"/>
  <testcase name="setcontext" time="0.001" classname="com.orangeHRM.qa.testcases.VacanciesPageTest"/>
  <testcase name="resetVacancies" time="15.151" classname="com.orangeHRM.qa.testcases.VacanciesPageTest"/>
  <testcase name="validateoptionsVacancies" time="0.700" classname="com.orangeHRM.qa.testcases.VacanciesPageTest"/>
  <testcase name="searchVacancies" time="0.209" classname="com.orangeHRM.qa.testcases.VacanciesPageTest"/>
  <testcase name="VacanciesTableHeaderValidation" time="0.485" classname="com.orangeHRM.qa.testcases.VacanciesPageTest"/>
  <testcase name="colorOfButtons" time="0.081" classname="com.orangeHRM.qa.testcases.VacanciesPageTest"/>
  <testcase name="presenceOfAddDeleteButton" time="5.339" classname="com.orangeHRM.qa.testcases.VacanciesPageTest"/>
  <testcase name="verifyAddJobVacancyPageAndSaveButtonDisplay" time="0.899" classname="com.orangeHRM.qa.testcases.VacanciesPageTest"/>
  <testcase name="validatingManadatoryFieldsBeforeEnteringValues" time="1.037" classname="com.orangeHRM.qa.testcases.VacanciesPageTest"/>
  <testcase name="setcontext2" time="0.000" classname="com.orangeHRM.qa.testcases.VacanciesPageTest"/>
  <testcase name="verifyAddVacancyTesting" time="2.909" classname="com.orangeHRM.qa.testcases.VacanciesPageTest"/>
  <testcase name="verifyAddVacancyTesting" time="2.867" classname="com.orangeHRM.qa.testcases.VacanciesPageTest"/>
  <testcase name="AddVacancyTableHeaderValidation" time="0.477" classname="com.orangeHRM.qa.testcases.VacanciesPageTest"/>
  <testcase name="setcontext3" time="0.000" classname="com.orangeHRM.qa.testcases.VacanciesPageTest"/>
  <testcase name="verifyEditVacancyTesting" time="7.311" classname="com.orangeHRM.qa.testcases.VacanciesPageTest"/>
  <testcase name="setcontext4" time="0.000" classname="com.orangeHRM.qa.testcases.VacanciesPageTest"/>
  <testcase name="searchFunctionalityForVacancies" time="98.629" classname="com.orangeHRM.qa.testcases.VacanciesPageTest"/>
  <testcase name="deletingSingle_vacancy" time="1.027" classname="com.orangeHRM.qa.testcases.VacanciesPageTest"/>
  <testcase name="deletingall_Vacancies" time="1.522" classname="com.orangeHRM.qa.testcases.VacanciesPageTest"/>
</testsuite> <!-- com.orangeHRM.qa.testcases.VacanciesPageTest -->
