<?xml version="1.0" encoding="UTF-8"?>
<!-- Generated by org.testng.reporters.JUnitReportReporter -->
<testsuite skipped="0" hostname="LAPTOP-0MU7EG7P" name="com.orangeHRM.qa.testcases.PIMPageTest" tests="2" failures="0" timestamp="2022-02-17T14:35:54 CST" time="1.972" errors="0">
  <testcase name="validatingPIMSubMenuDisplay" time="0.819" classname="com.orangeHRM.qa.testcases.PIMPageTest"/>
  <testcase name="verifyColorsOfSubmenuInPim" time="1.153" classname="com.orangeHRM.qa.testcases.PIMPageTest"/>
</testsuite> <!-- com.orangeHRM.qa.testcases.PIMPageTest -->
