<?xml version="1.0" encoding="UTF-8"?>
<!-- Generated by org.testng.reporters.JUnitReportReporter -->
<testsuite skipped="0" hostname="LAPTOP-0MU7EG7P" name="com.orangeHRM.qa.testcases.ResetPasswordTestPage" tests="5" failures="0" timestamp="2022-02-17T14:35:53 CST" time="29.086" errors="0">
  <testcase name="verify_PageElements" time="3.833" classname="com.orangeHRM.qa.testcases.ResetPasswordTestPage"/>
  <testcase name="space_Credentials" time="3.753" classname="com.orangeHRM.qa.testcases.ResetPasswordTestPage"/>
  <testcase name="validCredentials_FirstTime" time="7.438" classname="com.orangeHRM.qa.testcases.ResetPasswordTestPage"/>
  <testcase name="validCredentials_SeccondTime" time="7.054" classname="com.orangeHRM.qa.testcases.ResetPasswordTestPage"/>
  <testcase name="invalid_Credentials" time="7.008" classname="com.orangeHRM.qa.testcases.ResetPasswordTestPage"/>
</testsuite> <!-- com.orangeHRM.qa.testcases.ResetPasswordTestPage -->
