<?xml version="1.0" encoding="UTF-8"?>
<!-- Generated by org.testng.reporters.JUnitReportReporter -->
<testsuite skipped="0" hostname="LAPTOP-0MU7EG7P" name="com.orangeHRM.qa.testcases.EmailConfigurationPageTest" tests="3" failures="0" timestamp="2022-02-17T14:35:54 CST" time="0.754" errors="0">
  <testcase name="validatingUserManagementSubMenuDisplay" time="0.753" classname="com.orangeHRM.qa.testcases.EmailConfigurationPageTest"/>
  <testcase name="configurationAdminTesting" time="0.001" classname="com.orangeHRM.qa.testcases.EmailConfigurationPageTest"/>
  <testcase name="emailConfigurationTesting" time="0.000" classname="com.orangeHRM.qa.testcases.EmailConfigurationPageTest"/>
</testsuite> <!-- com.orangeHRM.qa.testcases.EmailConfigurationPageTest -->
