<?xml version="1.0" encoding="UTF-8"?>
<!-- Generated by org.testng.reporters.JUnitReportReporter -->
<testsuite skipped="0" hostname="PruthviRaj" name="com.orangeHRM.qa.util.TakeScreenshotUtil" tests="1" failures="0" timestamp="2021-07-14T13:57:11 MST" time="8.392" errors="0">
  <testcase name="running" time="8.392" classname="com.orangeHRM.qa.util.TakeScreenshotUtil"/>
  <system-out/>
</testsuite> <!-- com.orangeHRM.qa.util.TakeScreenshotUtil -->
