<?xml version="1.0" encoding="UTF-8"?>
<!-- Generated by org.testng.reporters.JUnitReportReporter -->
<testsuite skipped="0" hostname="LAPTOP-0MU7EG7P" name="com.orangeHRM.qa.testcases.EmployeeEntitlementPageTest" tests="2" failures="0" timestamp="2022-02-17T14:35:54 CST" time="1.264" errors="0">
  <testcase name="setcontext" time="0.000" classname="com.orangeHRM.qa.testcases.EmployeeEntitlementPageTest"/>
  <testcase name="verifyEmployeeEntitlementsTestPage" time="1.264" classname="com.orangeHRM.qa.testcases.EmployeeEntitlementPageTest"/>
</testsuite> <!-- com.orangeHRM.qa.testcases.EmployeeEntitlementPageTest -->
