<?xml version="1.0" encoding="UTF-8"?>
<!-- Generated by org.testng.reporters.JUnitReportReporter -->
<testsuite skipped="0" hostname="LAPTOP-0MU7EG7P" name="com.orangeHRM.qa.testcases.PersonalDetailsPageTest" tests="21" failures="0" timestamp="2022-02-17T14:35:54 CST" time="47.155" errors="0">
  <testcase name="validatingPersonalDetailsFieldsDisplay" time="1.370" classname="com.orangeHRM.qa.testcases.PersonalDetailsPageTest"/>
  <testcase name="setcontext" time="0.000" classname="com.orangeHRM.qa.testcases.PersonalDetailsPageTest"/>
  <testcase name="personalDetailsTesting" time="4.353" classname="com.orangeHRM.qa.testcases.PersonalDetailsPageTest"/>
  <testcase name="validatingNationalityDropdownOptionsSort" time="3.395" classname="com.orangeHRM.qa.testcases.PersonalDetailsPageTest"/>
  <testcase name="validatingNationalityDropdownOptionsDuplicates" time="2.096" classname="com.orangeHRM.qa.testcases.PersonalDetailsPageTest"/>
  <testcase name="validatingMarritalStatusDropdownOptionsSort" time="0.152" classname="com.orangeHRM.qa.testcases.PersonalDetailsPageTest"/>
  <testcase name="validatingMarritalStatusDropdownOptionsDuplicates" time="0.122" classname="com.orangeHRM.qa.testcases.PersonalDetailsPageTest"/>
  <testcase name="verifyDateOfBirthDateFormat" time="0.048" classname="com.orangeHRM.qa.testcases.PersonalDetailsPageTest"/>
  <testcase name="verifyLicenseExpiryDateFormat" time="0.061" classname="com.orangeHRM.qa.testcases.PersonalDetailsPageTest"/>
  <testcase name="setcontext1" time="0.000" classname="com.orangeHRM.qa.testcases.PersonalDetailsPageTest"/>
  <testcase name="setcontext2" time="0.001" classname="com.orangeHRM.qa.testcases.PersonalDetailsPageTest"/>
  <testcase name="personalDetailsEditTesting" time="14.777" classname="com.orangeHRM.qa.testcases.PersonalDetailsPageTest"/>
  <testcase name="editCustomfields" time="5.667" classname="com.orangeHRM.qa.testcases.PersonalDetailsPageTest"/>
  <testcase name="setcontext3" time="0.001" classname="com.orangeHRM.qa.testcases.PersonalDetailsPageTest"/>
  <testcase name="personalDetailsAttatchmentTesting" time="9.538" classname="com.orangeHRM.qa.testcases.PersonalDetailsPageTest"/>
  <testcase name="colorOfButtons" time="0.145" classname="com.orangeHRM.qa.testcases.PersonalDetailsPageTest"/>
  <testcase name="tableHeaderValidation" time="0.837" classname="com.orangeHRM.qa.testcases.PersonalDetailsPageTest"/>
  <testcase name="toolTipValidation" time="0.247" classname="com.orangeHRM.qa.testcases.PersonalDetailsPageTest"/>
  <testcase name="example_VerifyDownloadWithFileName" time="4.192" classname="com.orangeHRM.qa.testcases.PersonalDetailsPageTest"/>
  <testcase name="deletingSingle_Attatchment" time="0.153" classname="com.orangeHRM.qa.testcases.PersonalDetailsPageTest"/>
  <testcase name="deletingall_Attatchments" time="0.000" classname="com.orangeHRM.qa.testcases.PersonalDetailsPageTest"/>
</testsuite> <!-- com.orangeHRM.qa.testcases.PersonalDetailsPageTest -->
