<?xml version="1.0" encoding="UTF-8"?>
<!-- Generated by org.testng.reporters.JUnitReportReporter -->
<testsuite skipped="0" hostname="LAPTOP-0MU7EG7P" name="com.orangeHRM.qa.testcases.AddEntitlementPageTest" tests="3" failures="0" timestamp="2022-02-17T14:35:54 CST" time="7.135" errors="0">
  <testcase name="addEntitlement" time="0.001" classname="com.orangeHRM.qa.testcases.AddEntitlementPageTest"/>
  <testcase name="setcontext" time="0.002" classname="com.orangeHRM.qa.testcases.AddEntitlementPageTest"/>
  <testcase name="verifyAddEntitlementsTestPage" time="7.132" classname="com.orangeHRM.qa.testcases.AddEntitlementPageTest"/>
</testsuite> <!-- com.orangeHRM.qa.testcases.AddEntitlementPageTest -->
