<?xml version="1.0" encoding="UTF-8"?>
<!-- Generated by org.testng.reporters.JUnitReportReporter -->
<testsuite skipped="0" hostname="LAPTOP-0MU7EG7P" name="com.orangeHRM.qa.testcases.TimeSheetsPageTest" tests="2" failures="0" timestamp="2022-02-17T14:35:53 CST" time="0.322" errors="0">
  <testcase name="validatingTimeSheetsSubMenuDisplay" time="0.322" classname="com.orangeHRM.qa.testcases.TimeSheetsPageTest"/>
  <testcase name="timeSheetsTesting" time="0.000" classname="com.orangeHRM.qa.testcases.TimeSheetsPageTest"/>
</testsuite> <!-- com.orangeHRM.qa.testcases.TimeSheetsPageTest -->
