<?xml version="1.0" encoding="UTF-8"?>
<!-- Generated by org.testng.reporters.JUnitReportReporter -->
<testsuite skipped="0" hostname="LAPTOP-0MU7EG7P" name="com.orangeHRM.qa.testcases.ConfigurationPIMPageTest" tests="2" failures="0" timestamp="2022-02-17T14:35:53 CST" time="0.579" errors="0">
  <testcase name="validatingConfigurePIMSubMenuDisplay" time="0.579" classname="com.orangeHRM.qa.testcases.ConfigurationPIMPageTest"/>
  <testcase name="ConfigurationPIMTesting" time="0.000" classname="com.orangeHRM.qa.testcases.ConfigurationPIMPageTest"/>
</testsuite> <!-- com.orangeHRM.qa.testcases.ConfigurationPIMPageTest -->
