<?xml version="1.0" encoding="UTF-8"?>
<!-- Generated by org.testng.reporters.JUnitReportReporter -->
<testsuite skipped="0" hostname="LAPTOP-0MU7EG7P" name="com.orangeHRM.qa.testcases.JobAdminPageTest" tests="2" failures="0" timestamp="2022-02-17T14:35:54 CST" time="0.587" errors="0">
  <testcase name="validatingJobAdminSubMenuDisplay" time="0.586" classname="com.orangeHRM.qa.testcases.JobAdminPageTest"/>
  <testcase name="jobAdminTesting" time="0.001" classname="com.orangeHRM.qa.testcases.JobAdminPageTest"/>
</testsuite> <!-- com.orangeHRM.qa.testcases.JobAdminPageTest -->
