<?xml version="1.0" encoding="UTF-8"?>
<!-- Generated by org.testng.reporters.JUnitReportReporter -->
<testsuite skipped="0" hostname="PruthviRaj" name="com.orangeHRM.qa.testcases.WelcomeUserPageTest" tests="2" failures="0" timestamp="2022-02-06T22:46:45 MST" time="0.699" errors="0">
  <testcase name="welcomeUserPage" time="0.009" classname="com.orangeHRM.qa.testcases.WelcomeUserPageTest"/>
  <system-out/>
  <testcase name="aboutPageclick" time="0.690" classname="com.orangeHRM.qa.testcases.WelcomeUserPageTest"/>
  <system-out/>
</testsuite> <!-- com.orangeHRM.qa.testcases.WelcomeUserPageTest -->
