<?xml version="1.0" encoding="UTF-8"?>
<!-- Generated by org.testng.reporters.JUnitReportReporter -->
<testsuite skipped="0" hostname="LAPTOP-0MU7EG7P" name="com.orangeHRM.qa.testcases.ReportsLeavePageTest" tests="2" failures="0" timestamp="2022-02-17T14:35:54 CST" time="0.387" errors="0">
  <testcase name="validatingReortsLeaveSubMenuDisplay" time="0.387" classname="com.orangeHRM.qa.testcases.ReportsLeavePageTest"/>
  <testcase name="reportsLeaveTesting" time="0.000" classname="com.orangeHRM.qa.testcases.ReportsLeavePageTest"/>
</testsuite> <!-- com.orangeHRM.qa.testcases.ReportsLeavePageTest -->
