<?xml version="1.0" encoding="UTF-8"?>
<!-- Generated by org.testng.reporters.JUnitReportReporter -->
<testsuite skipped="0" hostname="LAPTOP-0MU7EG7P" name="com.orangeHRM.qa.testcases.CandidatesPageTest" tests="17" failures="0" timestamp="2022-02-17T14:35:54 CST" time="219.360" errors="0">
  <testcase name="candidatesTesting" time="0.002" classname="com.orangeHRM.qa.testcases.CandidatesPageTest"/>
  <testcase name="setcontext1" time="0.001" classname="com.orangeHRM.qa.testcases.CandidatesPageTest"/>
  <testcase name="searchBtnClk" time="9.347" classname="com.orangeHRM.qa.testcases.CandidatesPageTest"/>
  <testcase name="resetButtonclick" time="9.544" classname="com.orangeHRM.qa.testcases.CandidatesPageTest"/>
  <testcase name="candidate_Table_HeaderValidate" time="0.076" classname="com.orangeHRM.qa.testcases.CandidatesPageTest"/>
  <testcase name="clickCandidateValidation" time="6.670" classname="com.orangeHRM.qa.testcases.CandidatesPageTest"/>
  <testcase name="setcontext" time="0.001" classname="com.orangeHRM.qa.testcases.CandidatesPageTest"/>
  <testcase name="addcandidate" time="12.777" classname="com.orangeHRM.qa.testcases.CandidatesPageTest"/>
  <testcase name="validationsedit" time="0.463" classname="com.orangeHRM.qa.testcases.CandidatesPageTest"/>
  <testcase name="candidateTableHeaderValidation" time="0.361" classname="com.orangeHRM.qa.testcases.CandidatesPageTest"/>
  <testcase name="setcontext2" time="0.001" classname="com.orangeHRM.qa.testcases.CandidatesPageTest"/>
  <testcase name="editcandidate" time="10.529" classname="com.orangeHRM.qa.testcases.CandidatesPageTest"/>
  <testcase name="candidate_History_HdrValidate" time="0.122" classname="com.orangeHRM.qa.testcases.CandidatesPageTest"/>
  <testcase name="verifyingFieldsInCandidates" time="0.037" classname="com.orangeHRM.qa.testcases.CandidatesPageTest"/>
  <testcase name="setcontext4" time="0.001" classname="com.orangeHRM.qa.testcases.CandidatesPageTest"/>
  <testcase name="searchFunctionalityForCandidates" time="32.691" classname="com.orangeHRM.qa.testcases.CandidatesPageTest"/>
  <testcase name="checkingStatus" time="136.737" classname="com.orangeHRM.qa.testcases.CandidatesPageTest"/>
</testsuite> <!-- com.orangeHRM.qa.testcases.CandidatesPageTest -->
