<?xml version="1.0" encoding="UTF-8"?>
<!-- Generated by org.testng.reporters.JUnitReportReporter -->
<testsuite skipped="0" hostname="LAPTOP-0MU7EG7P" name="com.orangeHRM.qa.testcases.DirectoryPageTest" tests="1" failures="0" timestamp="2022-02-17T14:35:54 CST" time="0.001" errors="0">
  <testcase name="directoryTesting" time="0.001" classname="com.orangeHRM.qa.testcases.DirectoryPageTest"/>
</testsuite> <!-- com.orangeHRM.qa.testcases.DirectoryPageTest -->
