<?xml version="1.0" encoding="UTF-8"?>
<!-- Generated by org.testng.reporters.JUnitReportReporter -->
<testsuite skipped="0" hostname="PruthviRaj" name="com.orangeHRM.qa.testcases.LeaveListPageTest" tests="4" failures="0" timestamp="2021-09-26T15:55:26 MST" time="13.358" errors="0">
  <testcase name="leaveListTesting" time="0.015" classname="com.orangeHRM.qa.testcases.LeaveListPageTest"/>
  <system-out/>
  <testcase name="setcontext" time="0.000" classname="com.orangeHRM.qa.testcases.LeaveListPageTest"/>
  <system-out/>
  <testcase name="verifyleavelist" time="13.091" classname="com.orangeHRM.qa.testcases.LeaveListPageTest"/>
  <system-out/>
  <testcase name="duplicatesindropdown" time="0.252" classname="com.orangeHRM.qa.testcases.LeaveListPageTest"/>
  <system-out/>
</testsuite> <!-- com.orangeHRM.qa.testcases.LeaveListPageTest -->
